<?xml version="1.0" encoding="UTF-8"?>
<!-- Generated by org.testng.reporters.JUnitReportReporter -->
<testsuite hostname="Trayambkay" failures="0" tests="1" name="myrandomPractises.Sonull" time="13.673" errors="0" timestamp="2024-02-09T10:19:23 IST" skipped="0">
  <testcase classname="myrandomPractises.Sonull" name="main" time="13.673"/>
</testsuite> <!-- myrandomPractises.Sonull -->
