<?xml version="1.0" encoding="UTF-8"?>
<!-- Generated by org.testng.reporters.JUnitReportReporter -->
<testsuite hostname="Trayambkay" failures="0" tests="1" name="TyssMail.Arpan20220816_160621" time="0.013" errors="0" timestamp="2024-01-15T16:13:18 IST" skipped="0">
  <testcase classname="TyssMail.Arpan20220816_160621" name="Fibonacci" time="0.013"/>
</testsuite> <!-- TyssMail.Arpan20220816_160621 -->
