<?xml version="1.0" encoding="UTF-8"?>
<!-- Generated by org.testng.reporters.JUnitReportReporter -->
<testsuite hostname="Trayambkay" failures="0" tests="1" name="selfPractise.MakeMyTripEndToEnd" time="30.977" errors="0" timestamp="2024-02-11T17:22:22 IST" skipped="0">
  <testcase classname="selfPractise.MakeMyTripEndToEnd" name="mmt" time="30.977"/>
</testsuite> <!-- selfPractise.MakeMyTripEndToEnd -->
