<?xml version="1.0" encoding="UTF-8"?>
<!-- Generated by org.testng.reporters.JUnitReportReporter -->
<testsuite hostname="Trayambkay" failures="0" tests="1" name="Screening.GoIbiboAutomate" time="31.070" errors="0" timestamp="2024-01-15T13:00:38 IST" skipped="0">
  <testcase classname="Screening.GoIbiboAutomate" name="main2" time="31.070"/>
</testsuite> <!-- Screening.GoIbiboAutomate -->
