<?xml version="1.0" encoding="UTF-8"?>
<!-- Generated by org.testng.reporters.JUnitReportReporter -->
<testsuite hostname="Trayambkay" failures="0" tests="1" name="TyssMail.Arpan_20220817_112759" time="0.014" errors="0" timestamp="2024-01-16T12:20:38 IST" skipped="0">
  <testcase classname="TyssMail.Arpan_20220817_112759" name="caseConversion1" time="0.014"/>
</testsuite> <!-- TyssMail.Arpan_20220817_112759 -->
