<?xml version="1.0" encoding="UTF-8"?>
<!-- Generated by org.testng.reporters.JUnitReportReporter -->
<testsuite hostname="Trayambkay" failures="0" tests="1" name="selfPractise.MakeMyTripEndToEnd" time="37.109" errors="0" timestamp="2024-02-07T17:44:01 IST" skipped="0">
  <testcase classname="selfPractise.MakeMyTripEndToEnd" name="mmt" time="37.109"/>
</testsuite> <!-- selfPractise.MakeMyTripEndToEnd -->
