<?xml version="1.0" encoding="UTF-8"?>
<!-- Generated by org.testng.reporters.JUnitReportReporter -->
<testsuite hostname="Trayambkay" failures="0" tests="1" name="LearnStringProg.ReverseStringExtractNo_08Dec" time="0.016" errors="0" timestamp="2024-01-18T12:17:13 IST" skipped="0">
  <testcase classname="LearnStringProg.ReverseStringExtractNo_08Dec" name="reverseExp1" time="0.016"/>
</testsuite> <!-- LearnStringProg.ReverseStringExtractNo_08Dec -->
