<?xml version="1.0" encoding="UTF-8"?>
<!-- Generated by org.testng.reporters.JUnitReportReporter -->
<testsuite hostname="Trayambkay" failures="0" tests="1" name="practiseAllSDET52.LastIndexLastRepeated" time="0.011" errors="0" timestamp="2024-01-18T17:42:49 IST" skipped="0">
  <testcase classname="practiseAllSDET52.LastIndexLastRepeated" name="main2" time="0.011"/>
</testsuite> <!-- practiseAllSDET52.LastIndexLastRepeated -->
