<?xml version="1.0" encoding="UTF-8"?>
<!-- Generated by org.testng.reporters.JUnitReportReporter -->
<testsuite hostname="Trayambkay" failures="0" tests="1" name="PrakashSirSpecific.Q8_II_aabbabc" time="0.014" errors="0" timestamp="2024-01-19T12:48:05 IST" skipped="0">
  <testcase classname="PrakashSirSpecific.Q8_II_aabbabc" name="main1" time="0.014"/>
</testsuite> <!-- PrakashSirSpecific.Q8_II_aabbabc -->
