<?xml version="1.0" encoding="UTF-8"?>
<!-- Generated by org.testng.reporters.JUnitReportReporter -->
<testsuite hostname="Trayambkay" failures="0" tests="2" name="selfPractise.MakeMyTripEndToEnd" time="109.459" errors="0" timestamp="2024-01-26T02:27:52 IST" skipped="0">
  <testcase classname="selfPractise.MakeMyTripEndToEnd" name="mmt" time="55.312"/>
  <testcase classname="selfPractise.MakeMyTripEndToEnd" name="mmt" time="54.147"/>
</testsuite> <!-- selfPractise.MakeMyTripEndToEnd -->
