<?xml version="1.0" encoding="UTF-8"?>
<!-- Generated by org.testng.reporters.JUnitReportReporter -->
<testsuite hostname="Trayambkay" failures="0" tests="1" name="LearnArrayPrograms.FirstAndSecondMaxSingleLoop" time="0.014" errors="0" timestamp="2024-01-18T13:45:39 IST" skipped="0">
  <testcase classname="LearnArrayPrograms.FirstAndSecondMaxSingleLoop" name="firstSecondMax" time="0.014"/>
</testsuite> <!-- LearnArrayPrograms.FirstAndSecondMaxSingleLoop -->
